<?xml version="1.0" encoding="UTF-8"?>
<coverage generated="1436697604">
  <project timestamp="1436697604">
    <file name="D:\Repositories\Music-XML-Analyzer/app/config/app.php">
      <line num="16" type="stmt" count="12"/>
      <line num="29" type="stmt" count="12"/>
      <line num="42" type="stmt" count="12"/>
      <line num="55" type="stmt" count="12"/>
      <line num="68" type="stmt" count="12"/>
      <line num="81" type="stmt" count="12"/>
      <line num="83" type="stmt" count="12"/>
      <line num="98" type="stmt" count="12"/>
      <line num="99" type="stmt" count="12"/>
      <line num="100" type="stmt" count="12"/>
      <line num="101" type="stmt" count="12"/>
      <line num="102" type="stmt" count="12"/>
      <line num="103" type="stmt" count="12"/>
      <line num="104" type="stmt" count="12"/>
      <line num="105" type="stmt" count="12"/>
      <line num="106" type="stmt" count="12"/>
      <line num="107" type="stmt" count="12"/>
      <line num="108" type="stmt" count="12"/>
      <line num="109" type="stmt" count="12"/>
      <line num="110" type="stmt" count="12"/>
      <line num="111" type="stmt" count="12"/>
      <line num="112" type="stmt" count="12"/>
      <line num="113" type="stmt" count="12"/>
      <line num="114" type="stmt" count="12"/>
      <line num="115" type="stmt" count="12"/>
      <line num="116" type="stmt" count="12"/>
      <line num="117" type="stmt" count="12"/>
      <line num="118" type="stmt" count="12"/>
      <line num="119" type="stmt" count="12"/>
      <line num="120" type="stmt" count="12"/>
      <line num="121" type="stmt" count="12"/>
      <line num="122" type="stmt" count="12"/>
      <line num="123" type="stmt" count="12"/>
      <line num="124" type="stmt" count="12"/>
      <line num="125" type="stmt" count="12"/>
      <line num="127" type="stmt" count="12"/>
      <line num="140" type="stmt" count="12"/>
      <line num="155" type="stmt" count="12"/>
      <line num="156" type="stmt" count="12"/>
      <line num="157" type="stmt" count="12"/>
      <line num="158" type="stmt" count="12"/>
      <line num="159" type="stmt" count="12"/>
      <line num="160" type="stmt" count="12"/>
      <line num="161" type="stmt" count="12"/>
      <line num="162" type="stmt" count="12"/>
      <line num="163" type="stmt" count="12"/>
      <line num="164" type="stmt" count="12"/>
      <line num="165" type="stmt" count="12"/>
      <line num="166" type="stmt" count="12"/>
      <line num="167" type="stmt" count="12"/>
      <line num="168" type="stmt" count="12"/>
      <line num="169" type="stmt" count="12"/>
      <line num="170" type="stmt" count="12"/>
      <line num="171" type="stmt" count="12"/>
      <line num="172" type="stmt" count="12"/>
      <line num="173" type="stmt" count="12"/>
      <line num="174" type="stmt" count="12"/>
      <line num="175" type="stmt" count="12"/>
      <line num="176" type="stmt" count="12"/>
      <line num="177" type="stmt" count="12"/>
      <line num="178" type="stmt" count="12"/>
      <line num="179" type="stmt" count="12"/>
      <line num="180" type="stmt" count="12"/>
      <line num="181" type="stmt" count="12"/>
      <line num="182" type="stmt" count="12"/>
      <line num="183" type="stmt" count="12"/>
      <line num="184" type="stmt" count="12"/>
      <line num="185" type="stmt" count="12"/>
      <line num="186" type="stmt" count="12"/>
      <line num="187" type="stmt" count="12"/>
      <line num="188" type="stmt" count="12"/>
      <line num="189" type="stmt" count="12"/>
      <line num="190" type="stmt" count="12"/>
      <line num="191" type="stmt" count="12"/>
      <line num="192" type="stmt" count="12"/>
      <line num="193" type="stmt" count="12"/>
      <line num="195" type="stmt" count="12"/>
      <line num="197" type="stmt" count="12"/>
      <metrics loc="197" ncloc="107" classes="0" methods="0" coveredmethods="0" conditionals="0" coveredconditionals="0" statements="78" coveredstatements="78" elements="78" coveredelements="78"/>
    </file>
    <file name="D:\Repositories\Music-XML-Analyzer/app/config/database.php">
      <line num="16" type="stmt" count="11"/>
      <line num="29" type="stmt" count="11"/>
      <line num="50" type="stmt" count="11"/>
      <line num="51" type="stmt" count="11"/>
      <line num="52" type="stmt" count="11"/>
      <line num="53" type="stmt" count="11"/>
      <line num="54" type="stmt" count="11"/>
      <line num="55" type="stmt" count="11"/>
      <line num="56" type="stmt" count="11"/>
      <line num="57" type="stmt" count="11"/>
      <line num="58" type="stmt" count="11"/>
      <line num="60" type="stmt" count="11"/>
      <line num="73" type="stmt" count="11"/>
      <line num="88" type="stmt" count="11"/>
      <line num="91" type="stmt" count="11"/>
      <line num="92" type="stmt" count="11"/>
      <line num="93" type="stmt" count="11"/>
      <line num="94" type="stmt" count="11"/>
      <line num="96" type="stmt" count="11"/>
      <line num="98" type="stmt" count="11"/>
      <metrics loc="98" ncloc="43" classes="0" methods="0" coveredmethods="0" conditionals="0" coveredconditionals="0" statements="20" coveredstatements="20" elements="20" coveredelements="20"/>
    </file>
    <file name="D:\Repositories\Music-XML-Analyzer/app/config/packages/barryvdh/laravel-debugbar/config.php">
      <line num="16" type="stmt" count="12"/>
      <line num="29" type="stmt" count="12"/>
      <line num="30" type="stmt" count="12"/>
      <line num="31" type="stmt" count="12"/>
      <line num="47" type="stmt" count="12"/>
      <line num="59" type="stmt" count="12"/>
      <line num="70" type="stmt" count="12"/>
      <line num="82" type="stmt" count="12"/>
      <line num="83" type="stmt" count="12"/>
      <line num="84" type="stmt" count="12"/>
      <line num="85" type="stmt" count="12"/>
      <line num="86" type="stmt" count="12"/>
      <line num="87" type="stmt" count="12"/>
      <line num="88" type="stmt" count="12"/>
      <line num="89" type="stmt" count="12"/>
      <line num="90" type="stmt" count="12"/>
      <line num="91" type="stmt" count="12"/>
      <line num="92" type="stmt" count="12"/>
      <line num="93" type="stmt" count="12"/>
      <line num="94" type="stmt" count="12"/>
      <line num="95" type="stmt" count="12"/>
      <line num="96" type="stmt" count="12"/>
      <line num="97" type="stmt" count="12"/>
      <line num="98" type="stmt" count="12"/>
      <line num="99" type="stmt" count="12"/>
      <line num="100" type="stmt" count="12"/>
      <line num="101" type="stmt" count="12"/>
      <line num="114" type="stmt" count="12"/>
      <line num="115" type="stmt" count="12"/>
      <line num="117" type="stmt" count="12"/>
      <line num="118" type="stmt" count="12"/>
      <line num="119" type="stmt" count="12"/>
      <line num="121" type="stmt" count="12"/>
      <line num="122" type="stmt" count="12"/>
      <line num="123" type="stmt" count="12"/>
      <line num="124" type="stmt" count="12"/>
      <line num="125" type="stmt" count="12"/>
      <line num="128" type="stmt" count="12"/>
      <line num="130" type="stmt" count="12"/>
      <line num="131" type="stmt" count="12"/>
      <line num="134" type="stmt" count="12"/>
      <line num="137" type="stmt" count="12"/>
      <line num="138" type="stmt" count="12"/>
      <line num="151" type="stmt" count="12"/>
      <line num="153" type="stmt" count="12"/>
      <metrics loc="153" ncloc="23" classes="0" methods="0" coveredmethods="0" conditionals="0" coveredconditionals="0" statements="45" coveredstatements="45" elements="45" coveredelements="45"/>
    </file>
    <file name="D:\Repositories\Music-XML-Analyzer/app/config/session.php">
      <line num="19" type="stmt" count="12"/>
      <line num="32" type="stmt" count="12"/>
      <line num="34" type="stmt" count="12"/>
      <line num="47" type="stmt" count="12"/>
      <line num="60" type="stmt" count="12"/>
      <line num="73" type="stmt" count="12"/>
      <line num="86" type="stmt" count="12"/>
      <line num="99" type="stmt" count="12"/>
      <line num="112" type="stmt" count="12"/>
      <line num="125" type="stmt" count="12"/>
      <line num="138" type="stmt" count="12"/>
      <line num="140" type="stmt" count="12"/>
      <metrics loc="140" ncloc="37" classes="0" methods="0" coveredmethods="0" conditionals="0" coveredconditionals="0" statements="12" coveredstatements="12" elements="12" coveredelements="12"/>
    </file>
    <file name="D:\Repositories\Music-XML-Analyzer/app/config/testing/database.php">
      <line num="21" type="stmt" count="11"/>
      <line num="26" type="stmt" count="11"/>
      <line num="27" type="stmt" count="11"/>
      <line num="28" type="stmt" count="11"/>
      <line num="29" type="stmt" count="11"/>
      <line num="30" type="stmt" count="11"/>
      <line num="31" type="stmt" count="11"/>
      <line num="32" type="stmt" count="11"/>
      <line num="33" type="stmt" count="11"/>
      <line num="34" type="stmt" count="11"/>
      <line num="37" type="stmt" count="11"/>
      <line num="38" type="stmt" count="11"/>
      <line num="39" type="stmt" count="11"/>
      <line num="40" type="stmt" count="11"/>
      <line num="41" type="stmt" count="11"/>
      <line num="42" type="stmt" count="11"/>
      <line num="43" type="stmt" count="11"/>
      <line num="44" type="stmt" count="11"/>
      <line num="45" type="stmt" count="11"/>
      <line num="47" type="stmt" count="11"/>
      <line num="49" type="stmt" count="11"/>
      <metrics loc="49" ncloc="34" classes="0" methods="0" coveredmethods="0" conditionals="0" coveredconditionals="0" statements="21" coveredstatements="21" elements="21" coveredelements="21"/>
    </file>
    <file name="D:\Repositories\Music-XML-Analyzer/app/config/testing/session.php">
      <line num="19" type="stmt" count="12"/>
      <line num="21" type="stmt" count="12"/>
      <metrics loc="21" ncloc="8" classes="0" methods="0" coveredmethods="0" conditionals="0" coveredconditionals="0" statements="2" coveredstatements="2" elements="2" coveredelements="2"/>
    </file>
    <file name="D:\Repositories\Music-XML-Analyzer/app/config/view.php">
      <line num="16" type="stmt" count="12"/>
      <line num="29" type="stmt" count="12"/>
      <line num="31" type="stmt" count="12"/>
      <metrics loc="31" ncloc="11" classes="0" methods="0" coveredmethods="0" conditionals="0" coveredconditionals="0" statements="3" coveredstatements="3" elements="3" coveredelements="3"/>
    </file>
    <file name="D:\Repositories\Music-XML-Analyzer/app/controllers/BaseController.php">
      <class name="BaseController" namespace="global" fullPackage="Controllers" package="Controllers">
        <metrics methods="1" coveredmethods="0" conditionals="0" coveredconditionals="0" statements="5" coveredstatements="3" elements="6" coveredelements="3"/>
      </class>
      <line num="15" type="method" name="setupLayout" crap="2.26" count="12"/>
      <line num="17" type="stmt" count="12"/>
      <line num="18" type="stmt" count="12"/>
      <line num="19" type="stmt" count="0"/>
      <line num="20" type="stmt" count="0"/>
      <line num="21" type="stmt" count="12"/>
      <metrics loc="23" ncloc="13" classes="1" methods="1" coveredmethods="0" conditionals="0" coveredconditionals="0" statements="5" coveredstatements="3" elements="6" coveredelements="3"/>
    </file>
    <file name="D:\Repositories\Music-XML-Analyzer/app/controllers/HomeController.php">
      <class name="HomeController" namespace="global" fullPackage="Controllers" package="Controllers">
        <metrics methods="4" coveredmethods="1" conditionals="0" coveredconditionals="0" statements="29" coveredstatements="12" elements="33" coveredelements="13"/>
      </class>
      <line num="17" type="method" name="getHome" crap="10.31" count="2"/>
      <line num="18" type="stmt" count="2"/>
      <line num="19" type="stmt" count="0"/>
      <line num="20" type="stmt" count="0"/>
      <line num="21" type="stmt" count="0"/>
      <line num="22" type="stmt" count="0"/>
      <line num="23" type="stmt" count="0"/>
      <line num="24" type="stmt" count="0"/>
      <line num="25" type="stmt" count="0"/>
      <line num="26" type="stmt" count="0"/>
      <line num="27" type="stmt" count="0"/>
      <line num="28" type="stmt" count="2"/>
      <line num="30" type="stmt" count="0"/>
      <line num="33" type="stmt" count="0"/>
      <line num="35" type="stmt" count="2"/>
      <line num="37" type="stmt" count="2"/>
      <line num="47" type="method" name="getDeleteMe" crap="6" count="0"/>
      <line num="49" type="stmt" count="0"/>
      <line num="51" type="method" name="anonymous function" crap="6" count="0"/>
      <line num="53" type="stmt" count="0"/>
      <line num="54" type="stmt" count="0"/>
      <line num="55" type="stmt" count="0"/>
      <line num="56" type="stmt" count="0"/>
      <line num="57" type="stmt" count="0"/>
      <line num="59" type="stmt" count="0"/>
      <line num="60" type="stmt" count="0"/>
      <line num="61" type="stmt" count="0"/>
      <line num="62" type="stmt" count="0"/>
      <line num="63" type="stmt" count="0"/>
      <line num="65" type="stmt" count="0"/>
      <line num="67" type="stmt" count="0"/>
      <line num="74" type="method" name="_createNewUser" crap="1" count="2"/>
      <line num="75" type="stmt" count="2"/>
      <line num="76" type="stmt" count="2"/>
      <line num="77" type="stmt" count="2"/>
      <line num="79" type="stmt" count="2"/>
      <line num="80" type="stmt" count="2"/>
      <line num="81" type="stmt" count="2"/>
      <line num="82" type="stmt" count="2"/>
      <line num="83" type="stmt" count="2"/>
      <metrics loc="85" ncloc="64" classes="1" methods="4" coveredmethods="1" conditionals="0" coveredconditionals="0" statements="36" coveredstatements="12" elements="40" coveredelements="13"/>
    </file>
    <file name="D:\Repositories\Music-XML-Analyzer/app/controllers/UploadController.php">
      <class name="UploadController" namespace="global" fullPackage="Controllers" package="Controllers">
        <metrics methods="4" coveredmethods="1" conditionals="0" coveredconditionals="0" statements="60" coveredstatements="6" elements="64" coveredelements="7"/>
      </class>
      <line num="17" type="method" name="postUpload" crap="8.41" count="9"/>
      <line num="18" type="stmt" count="9"/>
      <line num="19" type="stmt" count="9"/>
      <line num="20" type="stmt" count="9"/>
      <line num="21" type="stmt" count="0"/>
      <line num="22" type="stmt" count="0"/>
      <line num="23" type="stmt" count="0"/>
      <line num="24" type="stmt" count="0"/>
      <line num="25" type="stmt" count="0"/>
      <line num="26" type="stmt" count="0"/>
      <line num="27" type="stmt" count="0"/>
      <line num="28" type="stmt" count="9"/>
      <line num="29" type="stmt" count="0"/>
      <line num="30" type="stmt" count="0"/>
      <line num="31" type="stmt" count="0"/>
      <line num="32" type="stmt" count="0"/>
      <line num="33" type="stmt" count="0"/>
      <line num="34" type="stmt" count="0"/>
      <line num="35" type="stmt" count="0"/>
      <line num="36" type="stmt" count="0"/>
      <line num="37" type="stmt" count="0"/>
      <line num="38" type="stmt" count="0"/>
      <line num="39" type="stmt" count="0"/>
      <line num="40" type="stmt" count="0"/>
      <line num="41" type="stmt" count="0"/>
      <line num="42" type="stmt" count="0"/>
      <line num="43" type="stmt" count="0"/>
      <line num="45" type="stmt" count="0"/>
      <line num="46" type="stmt" count="0"/>
      <line num="47" type="stmt" count="0"/>
      <line num="48" type="stmt" count="0"/>
      <line num="50" type="stmt" count="0"/>
      <line num="53" type="stmt" count="9"/>
      <line num="64" type="method" name="xslTransform" crap="12" count="0"/>
      <line num="65" type="stmt" count="0"/>
      <line num="66" type="stmt" count="0"/>
      <line num="67" type="stmt" count="0"/>
      <line num="68" type="stmt" count="0"/>
      <line num="69" type="stmt" count="0"/>
      <line num="71" type="stmt" count="0"/>
      <line num="72" type="stmt" count="0"/>
      <line num="74" type="stmt" count="0"/>
      <line num="75" type="stmt" count="0"/>
      <line num="76" type="stmt" count="0"/>
      <line num="77" type="stmt" count="0"/>
      <line num="79" type="stmt" count="0"/>
      <line num="80" type="stmt" count="0"/>
      <line num="81" type="stmt" count="0"/>
      <line num="82" type="stmt" count="0"/>
      <line num="83" type="stmt" count="0"/>
      <line num="85" type="stmt" count="0"/>
      <line num="88" type="stmt" count="0"/>
      <line num="99" type="method" name="_saveFile" crap="2" count="0"/>
      <line num="100" type="stmt" count="0"/>
      <line num="101" type="stmt" count="0"/>
      <line num="102" type="stmt" count="0"/>
      <line num="103" type="stmt" count="0"/>
      <line num="104" type="stmt" count="0"/>
      <line num="105" type="stmt" count="0"/>
      <line num="106" type="stmt" count="0"/>
      <line num="107" type="stmt" count="0"/>
      <line num="108" type="stmt" count="0"/>
      <line num="117" type="method" name="getUploadComplete" crap="1" count="1"/>
      <line num="118" type="stmt" count="1"/>
      <metrics loc="121" ncloc="88" classes="1" methods="4" coveredmethods="1" conditionals="0" coveredconditionals="0" statements="60" coveredstatements="6" elements="64" coveredelements="7"/>
    </file>
    <file name="D:\Repositories\Music-XML-Analyzer/app/filters.php">
      <line num="17" type="stmt" count="12"/>
      <line num="23" type="stmt" count="12"/>
      <line num="38" type="stmt" count="0"/>
      <line num="39" type="stmt" count="0"/>
      <line num="40" type="stmt" count="0"/>
      <line num="41" type="stmt" count="0"/>
      <line num="42" type="stmt" count="0"/>
      <line num="44" type="stmt" count="0"/>
      <line num="46" type="stmt" count="12"/>
      <line num="51" type="stmt" count="0"/>
      <line num="52" type="stmt" count="12"/>
      <line num="67" type="stmt" count="0"/>
      <line num="68" type="stmt" count="12"/>
      <line num="83" type="stmt" count="0"/>
      <line num="84" type="stmt" count="0"/>
      <line num="85" type="stmt" count="0"/>
      <line num="87" type="stmt" count="12"/>
      <line num="98" type="stmt" count="0"/>
      <line num="99" type="stmt" count="0"/>
      <line num="101" type="stmt" count="0"/>
      <line num="102" type="stmt" count="0"/>
      <line num="103" type="stmt" count="0"/>
      <line num="104" type="stmt" count="0"/>
      <line num="106" type="stmt" count="0"/>
      <line num="108" type="stmt" count="12"/>
      <line num="110" type="stmt" count="0"/>
      <line num="111" type="stmt" count="0"/>
      <line num="113" type="stmt" count="0"/>
      <line num="114" type="stmt" count="0"/>
      <line num="117" type="stmt" count="12"/>
      <metrics loc="117" ncloc="65" classes="0" methods="0" coveredmethods="0" conditionals="0" coveredconditionals="0" statements="30" coveredstatements="8" elements="30" coveredelements="8"/>
    </file>
    <file name="D:\Repositories\Music-XML-Analyzer/app/models/User.php">
      <class name="User" namespace="global" fullPackage="Models" package="Models">
        <metrics methods="2" coveredmethods="0" conditionals="0" coveredconditionals="0" statements="4" coveredstatements="0" elements="6" coveredelements="0"/>
      </class>
      <line num="33" type="method" name="uploads" crap="2" count="0"/>
      <line num="34" type="stmt" count="0"/>
      <line num="40" type="method" name="resetLastActivity" crap="2" count="0"/>
      <line num="41" type="stmt" count="0"/>
      <line num="42" type="stmt" count="0"/>
      <line num="43" type="stmt" count="0"/>
      <metrics loc="44" ncloc="20" classes="1" methods="2" coveredmethods="0" conditionals="0" coveredconditionals="0" statements="4" coveredstatements="0" elements="6" coveredelements="0"/>
    </file>
    <file name="D:\Repositories\Music-XML-Analyzer/app/routes.php">
      <line num="25" type="stmt" count="12"/>
      <line num="26" type="stmt" count="12"/>
      <line num="28" type="stmt" count="12"/>
      <line num="39" type="stmt" count="12"/>
      <line num="40" type="stmt" count="12"/>
      <line num="42" type="stmt" count="12"/>
      <line num="43" type="stmt" count="12"/>
      <line num="44" type="stmt" count="12"/>
      <line num="46" type="stmt" count="12"/>
      <line num="47" type="stmt" count="12"/>
      <line num="63" type="stmt" count="12"/>
      <line num="64" type="stmt" count="12"/>
      <line num="66" type="stmt" count="12"/>
      <line num="75" type="stmt" count="12"/>
      <line num="76" type="stmt" count="12"/>
      <line num="78" type="stmt" count="12"/>
      <line num="85" type="stmt" count="12"/>
      <line num="86" type="stmt" count="12"/>
      <line num="88" type="stmt" count="12"/>
      <line num="95" type="stmt" count="12"/>
      <line num="96" type="stmt" count="12"/>
      <line num="98" type="stmt" count="12"/>
      <line num="105" type="stmt" count="12"/>
      <line num="106" type="stmt" count="12"/>
      <line num="108" type="stmt" count="12"/>
      <line num="115" type="stmt" count="12"/>
      <line num="116" type="stmt" count="12"/>
      <line num="118" type="stmt" count="12"/>
      <line num="127" type="stmt" count="12"/>
      <line num="128" type="stmt" count="12"/>
      <line num="130" type="stmt" count="12"/>
      <line num="137" type="stmt" count="12"/>
      <line num="138" type="stmt" count="12"/>
      <line num="140" type="stmt" count="12"/>
      <line num="149" type="stmt" count="12"/>
      <line num="150" type="stmt" count="12"/>
      <line num="152" type="stmt" count="12"/>
      <line num="161" type="stmt" count="12"/>
      <line num="162" type="stmt" count="12"/>
      <line num="164" type="stmt" count="12"/>
      <line num="171" type="stmt" count="12"/>
      <line num="172" type="stmt" count="12"/>
      <line num="174" type="stmt" count="12"/>
      <line num="181" type="stmt" count="12"/>
      <line num="182" type="stmt" count="12"/>
      <line num="184" type="stmt" count="12"/>
      <line num="193" type="stmt" count="12"/>
      <line num="194" type="stmt" count="12"/>
      <line num="196" type="stmt" count="12"/>
      <line num="198" type="stmt" count="12"/>
      <metrics loc="198" ncloc="96" classes="0" methods="0" coveredmethods="0" conditionals="0" coveredconditionals="0" statements="50" coveredstatements="50" elements="50" coveredelements="50"/>
    </file>
    <file name="D:\Repositories\Music-XML-Analyzer/app/start/global.php">
      <line num="14" type="stmt" count="12"/>
      <line num="16" type="stmt" count="12"/>
      <line num="17" type="stmt" count="12"/>
      <line num="18" type="stmt" count="12"/>
      <line num="19" type="stmt" count="12"/>
      <line num="21" type="stmt" count="12"/>
      <line num="34" type="stmt" count="12"/>
      <line num="51" type="stmt" count="0"/>
      <line num="52" type="stmt" count="12"/>
      <line num="67" type="stmt" count="0"/>
      <line num="68" type="stmt" count="12"/>
      <line num="81" type="stmt" count="12"/>
      <metrics loc="81" ncloc="29" classes="0" methods="0" coveredmethods="0" conditionals="0" coveredconditionals="0" statements="12" coveredstatements="10" elements="12" coveredelements="10"/>
    </file>
    <file name="D:\Repositories\Music-XML-Analyzer/app/storage/views/3a553a0996d6ab90a4679b917061c61a">
      <line num="10" type="stmt" count="2"/>
      <line num="12" type="stmt" count="2"/>
      <line num="13" type="stmt" count="0"/>
      <line num="14" type="stmt" count="0"/>
      <line num="15" type="stmt" count="2"/>
      <line num="16" type="stmt" count="0"/>
      <line num="17" type="stmt" count="0"/>
      <line num="18" type="stmt" count="2"/>
      <line num="19" type="stmt" count="0"/>
      <line num="20" type="stmt" count="0"/>
      <line num="21" type="stmt" count="2"/>
      <line num="22" type="stmt" count="0"/>
      <line num="23" type="stmt" count="0"/>
      <line num="24" type="stmt" count="2"/>
      <line num="25" type="stmt" count="0"/>
      <line num="26" type="stmt" count="0"/>
      <line num="27" type="stmt" count="2"/>
      <line num="28" type="stmt" count="2"/>
      <line num="29" type="stmt" count="2"/>
      <line num="61" type="stmt" count="2"/>
      <metrics loc="60" ncloc="60" classes="0" methods="0" coveredmethods="0" conditionals="0" coveredconditionals="0" statements="19" coveredstatements="9" elements="19" coveredelements="9"/>
    </file>
    <file name="D:\Repositories\Music-XML-Analyzer/app/storage/views/445edbaf0bf74742e18467cb9a689476">
      <line num="14" type="stmt" count="2"/>
      <metrics loc="13" ncloc="13" classes="0" methods="0" coveredmethods="0" conditionals="0" coveredconditionals="0" statements="0" coveredstatements="0" elements="0" coveredelements="0"/>
    </file>
    <file name="D:\Repositories\Music-XML-Analyzer/app/storage/views/c73a4e650b69c85c9994c57723fb18e6">
      <metrics loc="116" ncloc="116" classes="0" methods="0" coveredmethods="0" conditionals="0" coveredconditionals="0" statements="0" coveredstatements="0" elements="0" coveredelements="0"/>
    </file>
    <file name="D:\Repositories\Music-XML-Analyzer/app/storage/views/e1ad4c75d10e267294ee8ff822b0345c">
      <metrics loc="104" ncloc="103" classes="0" methods="0" coveredmethods="0" conditionals="0" coveredconditionals="0" statements="0" coveredstatements="0" elements="0" coveredelements="0"/>
    </file>
    <file name="D:\Repositories\Music-XML-Analyzer/app/storage/views/ef372638602b3d3cbe3302ac14def479">
      <line num="28" type="stmt" count="2"/>
      <line num="29" type="stmt" count="0"/>
      <line num="30" type="stmt" count="0"/>
      <line num="44" type="stmt" count="0"/>
      <line num="45" type="stmt" count="0"/>
      <line num="46" type="stmt" count="0"/>
      <line num="58" type="stmt" count="2"/>
      <metrics loc="57" ncloc="57" classes="0" methods="0" coveredmethods="0" conditionals="0" coveredconditionals="0" statements="6" coveredstatements="1" elements="6" coveredelements="1"/>
    </file>
    <file name="D:\Repositories\Music-XML-Analyzer/app/storage/views/f8633edb7e0b8032ebd891fd057a32ab">
      <line num="27" type="stmt" count="2"/>
      <metrics loc="26" ncloc="26" classes="0" methods="0" coveredmethods="0" conditionals="0" coveredconditionals="0" statements="0" coveredstatements="0" elements="0" coveredelements="0"/>
    </file>
    <file name="D:\Repositories\Music-XML-Analyzer/bootstrap/paths.php">
      <line num="16" type="stmt" count="12"/>
      <line num="29" type="stmt" count="12"/>
      <line num="42" type="stmt" count="12"/>
      <line num="55" type="stmt" count="12"/>
      <line num="57" type="stmt" count="12"/>
      <metrics loc="57" ncloc="17" classes="0" methods="0" coveredmethods="0" conditionals="0" coveredconditionals="0" statements="5" coveredstatements="5" elements="5" coveredelements="5"/>
    </file>
    <file name="D:\Repositories\Music-XML-Analyzer/bootstrap/start.php">
      <line num="14" type="stmt" count="12"/>
      <line num="28" type="stmt" count="12"/>
      <line num="29" type="stmt" count="12"/>
      <line num="30" type="stmt" count="0"/>
      <line num="31" type="stmt" count="12"/>
      <line num="32" type="stmt" count="12"/>
      <line num="34" type="stmt" count="0"/>
      <line num="36" type="stmt" count="12"/>
      <line num="49" type="stmt" count="12"/>
      <line num="62" type="stmt" count="12"/>
      <line num="63" type="stmt" count="12"/>
      <line num="65" type="stmt" count="12"/>
      <line num="78" type="stmt" count="12"/>
      <metrics loc="78" ncloc="28" classes="0" methods="0" coveredmethods="0" conditionals="0" coveredconditionals="0" statements="13" coveredstatements="11" elements="13" coveredelements="11"/>
    </file>
    <package name="Barryvdh\Debugbar">
      <file name="D:\Repositories\Music-XML-Analyzer/vendor/barryvdh/laravel-debugbar/src/ServiceProvider.php">
        <class name="ServiceProvider" namespace="Barryvdh\Debugbar">
          <metrics methods="5" coveredmethods="1" conditionals="0" coveredconditionals="0" statements="55" coveredstatements="31" elements="60" coveredelements="32"/>
        </class>
        <line num="17" type="method" name="boot" crap="6.54" count="12"/>
        <line num="19" type="stmt" count="12"/>
        <line num="20" type="stmt" count="12"/>
        <line num="22" type="stmt" count="12"/>
        <line num="23" type="stmt" count="12"/>
        <line num="24" type="stmt" count="0"/>
        <line num="27" type="stmt" count="0"/>
        <line num="28" type="stmt" count="0"/>
        <line num="29" type="stmt" count="0"/>
        <line num="30" type="stmt" count="0"/>
        <line num="31" type="stmt" count="0"/>
        <line num="32" type="stmt" count="12"/>
        <line num="34" type="stmt" count="12"/>
        <line num="35" type="stmt" count="0"/>
        <line num="38" type="stmt" count="0"/>
        <line num="39" type="stmt" count="0"/>
        <line num="40" type="stmt" count="0"/>
        <line num="41" type="stmt" count="0"/>
        <line num="42" type="stmt" count="0"/>
        <line num="44" type="stmt" count="12"/>
        <line num="45" type="stmt" count="12"/>
        <line num="47" type="stmt" count="12"/>
        <line num="48" type="stmt" count="12"/>
        <line num="50" type="stmt" count="12"/>
        <line num="52" type="stmt" count="12"/>
        <line num="53" type="stmt" count="12"/>
        <line num="55" type="stmt" count="12"/>
        <line num="56" type="stmt" count="12"/>
        <line num="58" type="stmt" count="12"/>
        <line num="60" type="stmt" count="12"/>
        <line num="61" type="stmt" count="12"/>
        <line num="63" type="stmt" count="12"/>
        <line num="64" type="stmt" count="12"/>
        <line num="66" type="stmt" count="12"/>
        <line num="68" type="stmt" count="12"/>
        <line num="70" type="stmt" count="0"/>
        <line num="71" type="stmt" count="0"/>
        <line num="72" type="stmt" count="0"/>
        <line num="73" type="stmt" count="12"/>
        <line num="75" type="method" name="shouldUseMiddleware" crap="3" count="12"/>
        <line num="77" type="stmt" count="12"/>
        <line num="78" type="stmt" count="12"/>
        <line num="79" type="stmt" count="12"/>
        <line num="87" type="method" name="register" crap="2.79" count="12"/>
        <line num="89" type="stmt" count="12"/>
        <line num="91" type="stmt" count="0"/>
        <line num="93" type="stmt" count="0"/>
        <line num="94" type="stmt" count="0"/>
        <line num="95" type="stmt" count="0"/>
        <line num="97" type="stmt" count="0"/>
        <line num="99" type="stmt" count="12"/>
        <line num="101" type="stmt" count="12"/>
        <line num="104" type="stmt" count="0"/>
        <line num="105" type="stmt" count="0"/>
        <line num="107" type="stmt" count="12"/>
        <line num="109" type="stmt" count="12"/>
        <line num="110" type="method" name="anonymous function" crap="2" count="0"/>
        <line num="111" type="stmt" count="0"/>
        <line num="113" type="stmt" count="12"/>
        <line num="115" type="stmt" count="12"/>
        <line num="117" type="stmt" count="12"/>
        <line num="118" type="stmt" count="0"/>
        <line num="119" type="stmt" count="0"/>
        <line num="120" type="stmt" count="12"/>
        <line num="127" type="method" name="provides" crap="2" count="0"/>
        <line num="129" type="stmt" count="0"/>
        <metrics loc="131" ncloc="106" classes="1" methods="5" coveredmethods="1" conditionals="0" coveredconditionals="0" statements="61" coveredstatements="35" elements="66" coveredelements="36"/>
      </file>
    </package>
    <file name="D:\Repositories\Music-XML-Analyzer/vendor/barryvdh/laravel-debugbar/src/config/config.php">
      <line num="16" type="stmt" count="12"/>
      <line num="29" type="stmt" count="12"/>
      <line num="30" type="stmt" count="12"/>
      <line num="31" type="stmt" count="12"/>
      <line num="47" type="stmt" count="12"/>
      <line num="59" type="stmt" count="12"/>
      <line num="70" type="stmt" count="12"/>
      <line num="82" type="stmt" count="12"/>
      <line num="83" type="stmt" count="12"/>
      <line num="84" type="stmt" count="12"/>
      <line num="85" type="stmt" count="12"/>
      <line num="86" type="stmt" count="12"/>
      <line num="87" type="stmt" count="12"/>
      <line num="88" type="stmt" count="12"/>
      <line num="89" type="stmt" count="12"/>
      <line num="90" type="stmt" count="12"/>
      <line num="91" type="stmt" count="12"/>
      <line num="92" type="stmt" count="12"/>
      <line num="93" type="stmt" count="12"/>
      <line num="94" type="stmt" count="12"/>
      <line num="95" type="stmt" count="12"/>
      <line num="96" type="stmt" count="12"/>
      <line num="97" type="stmt" count="12"/>
      <line num="98" type="stmt" count="12"/>
      <line num="99" type="stmt" count="12"/>
      <line num="100" type="stmt" count="12"/>
      <line num="101" type="stmt" count="12"/>
      <line num="114" type="stmt" count="12"/>
      <line num="115" type="stmt" count="12"/>
      <line num="117" type="stmt" count="12"/>
      <line num="118" type="stmt" count="12"/>
      <line num="119" type="stmt" count="12"/>
      <line num="121" type="stmt" count="12"/>
      <line num="122" type="stmt" count="12"/>
      <line num="123" type="stmt" count="12"/>
      <line num="124" type="stmt" count="12"/>
      <line num="125" type="stmt" count="12"/>
      <line num="128" type="stmt" count="12"/>
      <line num="130" type="stmt" count="12"/>
      <line num="131" type="stmt" count="12"/>
      <line num="134" type="stmt" count="12"/>
      <line num="137" type="stmt" count="12"/>
      <line num="138" type="stmt" count="12"/>
      <line num="151" type="stmt" count="12"/>
      <line num="153" type="stmt" count="12"/>
      <metrics loc="153" ncloc="23" classes="0" methods="0" coveredmethods="0" conditionals="0" coveredconditionals="0" statements="45" coveredstatements="45" elements="45" coveredelements="45"/>
    </file>
    <file name="D:\Repositories\Music-XML-Analyzer/vendor/barryvdh/laravel-debugbar/src/helpers.php">
      <line num="12" type="stmt" count="0"/>
      <line num="13" type="stmt" count="0"/>
      <line num="14" type="stmt" count="0"/>
      <line num="15" type="stmt" count="0"/>
      <line num="16" type="stmt" count="0"/>
      <line num="28" type="stmt" count="0"/>
      <line num="29" type="stmt" count="0"/>
      <line num="40" type="stmt" count="0"/>
      <line num="41" type="stmt" count="0"/>
      <line num="54" type="stmt" count="0"/>
      <line num="55" type="stmt" count="0"/>
      <line num="67" type="stmt" count="0"/>
      <line num="68" type="stmt" count="0"/>
      <metrics loc="69" ncloc="39" classes="0" methods="0" coveredmethods="0" conditionals="0" coveredconditionals="0" statements="13" coveredstatements="0" elements="13" coveredelements="0"/>
    </file>
    <package name="Whoops\Handler">
      <file name="D:\Repositories\Music-XML-Analyzer/vendor/filp/whoops/src/Whoops/Handler/Handler.php">
        <class name="Handler" namespace="Whoops\Handler">
          <metrics methods="6" coveredmethods="0" conditionals="0" coveredconditionals="0" statements="9" coveredstatements="0" elements="15" coveredelements="0"/>
        </class>
        <line num="45" type="method" name="setRun" crap="2" count="0"/>
        <line num="47" type="stmt" count="0"/>
        <line num="48" type="stmt" count="0"/>
        <line num="53" type="method" name="getRun" crap="2" count="0"/>
        <line num="55" type="stmt" count="0"/>
        <line num="61" type="method" name="setInspector" crap="2" count="0"/>
        <line num="63" type="stmt" count="0"/>
        <line num="64" type="stmt" count="0"/>
        <line num="69" type="method" name="getInspector" crap="2" count="0"/>
        <line num="71" type="stmt" count="0"/>
        <line num="77" type="method" name="setException" crap="2" count="0"/>
        <line num="79" type="stmt" count="0"/>
        <line num="80" type="stmt" count="0"/>
        <line num="85" type="method" name="getException" crap="2" count="0"/>
        <line num="87" type="stmt" count="0"/>
        <metrics loc="89" ncloc="47" classes="1" methods="6" coveredmethods="0" conditionals="0" coveredconditionals="0" statements="9" coveredstatements="0" elements="15" coveredelements="0"/>
      </file>
      <file name="D:\Repositories\Music-XML-Analyzer/vendor/filp/whoops/src/Whoops/Handler/JsonResponseHandler.php">
        <class name="JsonResponseHandler" namespace="Whoops\Handler">
          <metrics methods="4" coveredmethods="0" conditionals="0" coveredconditionals="0" statements="22" coveredstatements="0" elements="26" coveredelements="0"/>
        </class>
        <line num="32" type="method" name="addTraceToOutput" crap="6" count="0"/>
        <line num="34" type="stmt" count="0"/>
        <line num="35" type="stmt" count="0"/>
        <line num="38" type="stmt" count="0"/>
        <line num="39" type="stmt" count="0"/>
        <line num="46" type="method" name="onlyForAjaxRequests" crap="6" count="0"/>
        <line num="48" type="stmt" count="0"/>
        <line num="49" type="stmt" count="0"/>
        <line num="52" type="stmt" count="0"/>
        <line num="53" type="stmt" count="0"/>
        <line num="60" type="method" name="isAjaxRequest" crap="6" count="0"/>
        <line num="63" type="stmt" count="0"/>
        <line num="64" type="stmt" count="0"/>
        <line num="70" type="method" name="handle" crap="20" count="0"/>
        <line num="72" type="stmt" count="0"/>
        <line num="73" type="stmt" count="0"/>
        <line num="77" type="stmt" count="0"/>
        <line num="78" type="stmt" count="0"/>
        <line num="79" type="stmt" count="0"/>
        <line num="80" type="stmt" count="0"/>
        <line num="81" type="stmt" count="0"/>
        <line num="83" type="stmt" count="0"/>
        <line num="84" type="stmt" count="0"/>
        <line num="85" type="stmt" count="0"/>
        <line num="87" type="stmt" count="0"/>
        <line num="88" type="stmt" count="0"/>
        <metrics loc="90" ncloc="59" classes="1" methods="4" coveredmethods="0" conditionals="0" coveredconditionals="0" statements="22" coveredstatements="0" elements="26" coveredelements="0"/>
      </file>
    </package>
    <file name="D:\Repositories\Music-XML-Analyzer/vendor/filp/whoops/src/Whoops/Handler/HandlerInterface.php">
      <metrics loc="37" ncloc="18" classes="0" methods="0" coveredmethods="0" conditionals="0" coveredconditionals="0" statements="0" coveredstatements="0" elements="0" coveredelements="0"/>
    </file>
    <package name="Whoops">
      <file name="D:\Repositories\Music-XML-Analyzer/vendor/filp/whoops/src/Whoops/Run.php">
        <class name="Run" namespace="Whoops">
          <metrics methods="17" coveredmethods="0" conditionals="0" coveredconditionals="0" statements="122" coveredstatements="8" elements="139" coveredelements="8"/>
        </class>
        <line num="46" type="method" name="pushHandler" crap="4.94" count="12"/>
        <line num="48" type="stmt" count="12"/>
        <line num="49" type="stmt" count="0"/>
        <line num="50" type="stmt" count="0"/>
        <line num="52" type="stmt" count="12"/>
        <line num="53" type="stmt" count="0"/>
        <line num="54" type="stmt" count="0"/>
        <line num="55" type="stmt" count="0"/>
        <line num="56" type="stmt" count="0"/>
        <line num="59" type="stmt" count="12"/>
        <line num="60" type="stmt" count="12"/>
        <line num="68" type="method" name="popHandler" crap="2" count="0"/>
        <line num="70" type="stmt" count="0"/>
        <line num="78" type="method" name="getHandlers" crap="2" count="0"/>
        <line num="80" type="stmt" count="0"/>
        <line num="88" type="method" name="clearHandlers" crap="2" count="0"/>
        <line num="90" type="stmt" count="0"/>
        <line num="91" type="stmt" count="0"/>
        <line num="98" type="method" name="getInspector" crap="2" count="0"/>
        <line num="100" type="stmt" count="0"/>
        <line num="107" type="method" name="register" crap="6" count="0"/>
        <line num="109" type="stmt" count="0"/>
        <line num="112" type="stmt" count="0"/>
        <line num="113" type="stmt" count="0"/>
        <line num="114" type="stmt" count="0"/>
        <line num="115" type="stmt" count="0"/>
        <line num="117" type="stmt" count="0"/>
        <line num="118" type="stmt" count="0"/>
        <line num="119" type="stmt" count="0"/>
        <line num="121" type="stmt" count="0"/>
        <line num="122" type="stmt" count="0"/>
        <line num="124" type="stmt" count="0"/>
        <line num="131" type="method" name="unregister" crap="6" count="0"/>
        <line num="133" type="stmt" count="0"/>
        <line num="134" type="stmt" count="0"/>
        <line num="135" type="stmt" count="0"/>
        <line num="137" type="stmt" count="0"/>
        <line num="138" type="stmt" count="0"/>
        <line num="140" type="stmt" count="0"/>
        <line num="148" type="method" name="allowQuit" crap="2.15" count="12"/>
        <line num="150" type="stmt" count="12"/>
        <line num="151" type="stmt" count="0"/>
        <line num="154" type="stmt" count="12"/>
        <line num="163" type="method" name="silenceErrorsInPaths" crap="2" count="0"/>
        <line num="165" type="stmt" count="0"/>
        <line num="166" type="stmt" count="0"/>
        <line num="167" type="stmt" count="0"/>
        <line num="168" type="method" name="anonymous function" crap="2" count="0"/>
        <line num="170" type="stmt" count="0"/>
        <line num="171" type="stmt" count="0"/>
        <line num="172" type="stmt" count="0"/>
        <line num="173" type="stmt" count="0"/>
        <line num="175" type="stmt" count="0"/>
        <line num="176" type="stmt" count="0"/>
        <line num="177" type="stmt" count="0"/>
        <line num="188" type="method" name="sendHttpCode" crap="42" count="0"/>
        <line num="190" type="stmt" count="0"/>
        <line num="191" type="stmt" count="0"/>
        <line num="194" type="stmt" count="0"/>
        <line num="195" type="stmt" count="0"/>
        <line num="198" type="stmt" count="0"/>
        <line num="199" type="stmt" count="0"/>
        <line num="200" type="stmt" count="0"/>
        <line num="202" type="stmt" count="0"/>
        <line num="203" type="stmt" count="0"/>
        <line num="204" type="stmt" count="0"/>
        <line num="205" type="stmt" count="0"/>
        <line num="208" type="stmt" count="0"/>
        <line num="217" type="method" name="writeToOutput" crap="2.15" count="12"/>
        <line num="219" type="stmt" count="12"/>
        <line num="220" type="stmt" count="0"/>
        <line num="223" type="stmt" count="12"/>
        <line num="233" type="method" name="handleException" crap="72" count="0"/>
        <line num="237" type="stmt" count="0"/>
        <line num="242" type="stmt" count="0"/>
        <line num="245" type="stmt" count="0"/>
        <line num="247" type="stmt" count="0"/>
        <line num="248" type="stmt" count="0"/>
        <line num="249" type="stmt" count="0"/>
        <line num="250" type="stmt" count="0"/>
        <line num="256" type="stmt" count="0"/>
        <line num="258" type="stmt" count="0"/>
        <line num="263" type="stmt" count="0"/>
        <line num="265" type="stmt" count="0"/>
        <line num="267" type="stmt" count="0"/>
        <line num="269" type="stmt" count="0"/>
        <line num="274" type="stmt" count="0"/>
        <line num="278" type="stmt" count="0"/>
        <line num="279" type="stmt" count="0"/>
        <line num="280" type="stmt" count="0"/>
        <line num="281" type="stmt" count="0"/>
        <line num="282" type="stmt" count="0"/>
        <line num="284" type="stmt" count="0"/>
        <line num="285" type="stmt" count="0"/>
        <line num="287" type="stmt" count="0"/>
        <line num="288" type="stmt" count="0"/>
        <line num="289" type="stmt" count="0"/>
        <line num="292" type="stmt" count="0"/>
        <line num="309" type="method" name="handleError" crap="42" count="0"/>
        <line num="311" type="stmt" count="0"/>
        <line num="312" type="stmt" count="0"/>
        <line num="313" type="stmt" count="0"/>
        <line num="314" type="stmt" count="0"/>
        <line num="315" type="stmt" count="0"/>
        <line num="317" type="stmt" count="0"/>
        <line num="319" type="stmt" count="0"/>
        <line num="323" type="stmt" count="0"/>
        <line num="324" type="stmt" count="0"/>
        <line num="325" type="stmt" count="0"/>
        <line num="327" type="stmt" count="0"/>
        <line num="330" type="stmt" count="0"/>
        <line num="335" type="stmt" count="0"/>
        <line num="341" type="method" name="handleShutdown" crap="12" count="0"/>
        <line num="346" type="stmt" count="0"/>
        <line num="348" type="stmt" count="0"/>
        <line num="349" type="stmt" count="0"/>
        <line num="352" type="stmt" count="0"/>
        <line num="353" type="stmt" count="0"/>
        <line num="354" type="stmt" count="0"/>
        <line num="355" type="stmt" count="0"/>
        <line num="356" type="stmt" count="0"/>
        <line num="357" type="stmt" count="0"/>
        <line num="358" type="stmt" count="0"/>
        <line num="359" type="stmt" count="0"/>
        <line num="372" type="method" name="writeToOutputNow" crap="20" count="0"/>
        <line num="374" type="stmt" count="0"/>
        <line num="375" type="stmt" count="0"/>
        <line num="377" type="stmt" count="0"/>
        <line num="378" type="stmt" count="0"/>
        <line num="379" type="stmt" count="0"/>
        <line num="389" type="stmt" count="0"/>
        <line num="391" type="stmt" count="0"/>
        <line num="393" type="stmt" count="0"/>
        <line num="395" type="stmt" count="0"/>
        <line num="398" type="method" name="isLevelFatal" crap="2" count="0"/>
        <line num="400" type="stmt" count="0"/>
        <line num="401" type="stmt" count="0"/>
        <line num="402" type="stmt" count="0"/>
        <line num="403" type="stmt" count="0"/>
        <line num="404" type="stmt" count="0"/>
        <line num="405" type="stmt" count="0"/>
        <line num="406" type="stmt" count="0"/>
        <metrics loc="408" ncloc="218" classes="1" methods="17" coveredmethods="0" conditionals="0" coveredconditionals="0" statements="125" coveredstatements="8" elements="142" coveredelements="8"/>
      </file>
    </package>
    <file name="D:\Repositories\Music-XML-Analyzer/vendor/ircmaxell/password-compat/lib/password.php">
      <line num="36" type="stmt" count="0"/>
      <line num="37" type="stmt" count="0"/>
      <line num="38" type="stmt" count="0"/>
      <line num="40" type="stmt" count="0"/>
      <line num="41" type="stmt" count="0"/>
      <line num="42" type="stmt" count="0"/>
      <line num="43" type="stmt" count="0"/>
      <line num="44" type="stmt" count="0"/>
      <line num="45" type="stmt" count="0"/>
      <line num="47" type="stmt" count="0"/>
      <line num="48" type="stmt" count="0"/>
      <line num="49" type="stmt" count="0"/>
      <line num="51" type="stmt" count="0"/>
      <line num="53" type="stmt" count="0"/>
      <line num="54" type="stmt" count="0"/>
      <line num="55" type="stmt" count="0"/>
      <line num="56" type="stmt" count="0"/>
      <line num="57" type="stmt" count="0"/>
      <line num="58" type="stmt" count="0"/>
      <line num="59" type="stmt" count="0"/>
      <line num="61" type="stmt" count="0"/>
      <line num="63" type="stmt" count="0"/>
      <line num="65" type="stmt" count="0"/>
      <line num="66" type="stmt" count="0"/>
      <line num="68" type="stmt" count="0"/>
      <line num="69" type="stmt" count="0"/>
      <line num="70" type="stmt" count="0"/>
      <line num="71" type="stmt" count="0"/>
      <line num="72" type="stmt" count="0"/>
      <line num="73" type="stmt" count="0"/>
      <line num="74" type="stmt" count="0"/>
      <line num="75" type="stmt" count="0"/>
      <line num="76" type="stmt" count="0"/>
      <line num="77" type="stmt" count="0"/>
      <line num="78" type="stmt" count="0"/>
      <line num="79" type="stmt" count="0"/>
      <line num="80" type="stmt" count="0"/>
      <line num="81" type="stmt" count="0"/>
      <line num="82" type="stmt" count="0"/>
      <line num="83" type="stmt" count="0"/>
      <line num="84" type="stmt" count="0"/>
      <line num="85" type="stmt" count="0"/>
      <line num="86" type="stmt" count="0"/>
      <line num="87" type="stmt" count="0"/>
      <line num="89" type="stmt" count="0"/>
      <line num="90" type="stmt" count="0"/>
      <line num="91" type="stmt" count="0"/>
      <line num="92" type="stmt" count="0"/>
      <line num="93" type="stmt" count="0"/>
      <line num="94" type="stmt" count="0"/>
      <line num="95" type="stmt" count="0"/>
      <line num="96" type="stmt" count="0"/>
      <line num="97" type="stmt" count="0"/>
      <line num="98" type="stmt" count="0"/>
      <line num="99" type="stmt" count="0"/>
      <line num="100" type="stmt" count="0"/>
      <line num="101" type="stmt" count="0"/>
      <line num="102" type="stmt" count="0"/>
      <line num="103" type="stmt" count="0"/>
      <line num="104" type="stmt" count="0"/>
      <line num="105" type="stmt" count="0"/>
      <line num="106" type="stmt" count="0"/>
      <line num="107" type="stmt" count="0"/>
      <line num="108" type="stmt" count="0"/>
      <line num="109" type="stmt" count="0"/>
      <line num="110" type="stmt" count="0"/>
      <line num="111" type="stmt" count="0"/>
      <line num="112" type="stmt" count="0"/>
      <line num="113" type="stmt" count="0"/>
      <line num="114" type="stmt" count="0"/>
      <line num="115" type="stmt" count="0"/>
      <line num="116" type="stmt" count="0"/>
      <line num="117" type="stmt" count="0"/>
      <line num="118" type="stmt" count="0"/>
      <line num="119" type="stmt" count="0"/>
      <line num="120" type="stmt" count="0"/>
      <line num="121" type="stmt" count="0"/>
      <line num="122" type="stmt" count="0"/>
      <line num="123" type="stmt" count="0"/>
      <line num="124" type="stmt" count="0"/>
      <line num="125" type="stmt" count="0"/>
      <line num="126" type="stmt" count="0"/>
      <line num="127" type="stmt" count="0"/>
      <line num="128" type="stmt" count="0"/>
      <line num="129" type="stmt" count="0"/>
      <line num="130" type="stmt" count="0"/>
      <line num="131" type="stmt" count="0"/>
      <line num="132" type="stmt" count="0"/>
      <line num="133" type="stmt" count="0"/>
      <line num="134" type="stmt" count="0"/>
      <line num="136" type="stmt" count="0"/>
      <line num="137" type="stmt" count="0"/>
      <line num="138" type="stmt" count="0"/>
      <line num="139" type="stmt" count="0"/>
      <line num="141" type="stmt" count="0"/>
      <line num="144" type="stmt" count="0"/>
      <line num="146" type="stmt" count="0"/>
      <line num="148" type="stmt" count="0"/>
      <line num="149" type="stmt" count="0"/>
      <line num="150" type="stmt" count="0"/>
      <line num="151" type="stmt" count="0"/>
      <line num="153" type="stmt" count="0"/>
      <line num="155" type="stmt" count="0"/>
      <line num="157" type="stmt" count="0"/>
      <line num="158" type="stmt" count="0"/>
      <line num="161" type="stmt" count="0"/>
      <line num="182" type="stmt" count="0"/>
      <line num="183" type="stmt" count="0"/>
      <line num="184" type="stmt" count="0"/>
      <line num="185" type="stmt" count="0"/>
      <line num="186" type="stmt" count="0"/>
      <line num="187" type="stmt" count="0"/>
      <line num="188" type="stmt" count="0"/>
      <line num="189" type="stmt" count="0"/>
      <line num="190" type="stmt" count="0"/>
      <line num="191" type="stmt" count="0"/>
      <line num="192" type="stmt" count="0"/>
      <line num="207" type="stmt" count="0"/>
      <line num="208" type="stmt" count="0"/>
      <line num="209" type="stmt" count="0"/>
      <line num="212" type="stmt" count="0"/>
      <line num="213" type="stmt" count="0"/>
      <line num="214" type="stmt" count="0"/>
      <line num="215" type="stmt" count="0"/>
      <line num="217" type="stmt" count="0"/>
      <line num="219" type="stmt" count="0"/>
      <line num="231" type="stmt" count="0"/>
      <line num="232" type="stmt" count="0"/>
      <line num="233" type="stmt" count="0"/>
      <line num="235" type="stmt" count="0"/>
      <line num="236" type="stmt" count="0"/>
      <line num="237" type="stmt" count="0"/>
      <line num="240" type="stmt" count="0"/>
      <line num="241" type="stmt" count="0"/>
      <line num="242" type="stmt" count="0"/>
      <line num="243" type="stmt" count="0"/>
      <line num="245" type="stmt" count="0"/>
      <line num="268" type="stmt" count="0"/>
      <line num="269" type="stmt" count="0"/>
      <line num="271" type="stmt" count="0"/>
      <line num="287" type="stmt" count="0"/>
      <line num="288" type="stmt" count="0"/>
      <line num="290" type="stmt" count="0"/>
      <line num="299" type="stmt" count="0"/>
      <line num="301" type="stmt" count="0"/>
      <line num="302" type="stmt" count="0"/>
      <line num="303" type="stmt" count="0"/>
      <line num="304" type="stmt" count="0"/>
      <line num="305" type="stmt" count="0"/>
      <line num="306" type="stmt" count="0"/>
      <line num="307" type="stmt" count="0"/>
      <line num="309" type="stmt" count="0"/>
      <line num="310" type="stmt" count="0"/>
      <metrics loc="313" ncloc="219" classes="0" methods="0" coveredmethods="0" conditionals="0" coveredconditionals="0" statements="153" coveredstatements="0" elements="153" coveredelements="0"/>
    </file>
    <package name="Jenssegers\Rollbar">
      <file name="D:\Repositories\Music-XML-Analyzer/vendor/jenssegers/rollbar/src/RollbarServiceProvider.php">
        <class name="RollbarServiceProvider" namespace="Jenssegers\Rollbar">
          <metrics methods="3" coveredmethods="0" conditionals="0" coveredconditionals="0" statements="27" coveredstatements="8" elements="30" coveredelements="8"/>
        </class>
        <line num="22" type="method" name="boot" crap="1.02" count="12"/>
        <line num="24" type="stmt" count="12"/>
        <line num="29" type="stmt" count="0"/>
        <line num="30" type="stmt" count="12"/>
        <line num="31" type="stmt" count="12"/>
        <line num="38" type="method" name="register" crap="11.15" count="12"/>
        <line num="40" type="stmt" count="12"/>
        <line num="44" type="stmt" count="0"/>
        <line num="46" type="stmt" count="0"/>
        <line num="47" type="stmt" count="0"/>
        <line num="48" type="stmt" count="0"/>
        <line num="51" type="stmt" count="0"/>
        <line num="53" type="stmt" count="0"/>
        <line num="54" type="stmt" count="12"/>
        <line num="58" type="stmt" count="0"/>
        <line num="60" type="stmt" count="0"/>
        <line num="62" type="stmt" count="0"/>
        <line num="63" type="stmt" count="12"/>
        <line num="69" type="stmt" count="0"/>
        <line num="70" type="stmt" count="0"/>
        <line num="71" type="stmt" count="0"/>
        <line num="72" type="stmt" count="0"/>
        <line num="73" type="stmt" count="12"/>
        <line num="76" type="method" name="anonymous function" crap="4.31" count="12"/>
        <line num="78" type="stmt" count="0"/>
        <line num="79" type="stmt" count="0"/>
        <line num="80" type="stmt" count="0"/>
        <line num="82" type="stmt" count="0"/>
        <line num="83" type="stmt" count="0"/>
        <line num="84" type="stmt" count="12"/>
        <line num="85" type="stmt" count="12"/>
        <metrics loc="87" ncloc="64" classes="1" methods="3" coveredmethods="0" conditionals="0" coveredconditionals="0" statements="28" coveredstatements="9" elements="31" coveredelements="9"/>
      </file>
    </package>
    <package name="Illuminate\Auth">
      <file name="D:\Repositories\Music-XML-Analyzer/vendor/laravel/framework/src/Illuminate/Auth/AuthServiceProvider.php">
        <class name="AuthServiceProvider" namespace="Illuminate\Auth">
          <metrics methods="2" coveredmethods="0" conditionals="0" coveredconditionals="0" statements="4" coveredstatements="1" elements="6" coveredelements="1"/>
        </class>
        <line num="21" type="method" name="anonymous function" crap="1.30" count="12"/>
        <line num="26" type="stmt" count="0"/>
        <line num="28" type="stmt" count="0"/>
        <line num="29" type="stmt" count="12"/>
        <line num="30" type="stmt" count="12"/>
        <line num="37" type="method" name="provides" crap="2" count="0"/>
        <line num="39" type="stmt" count="0"/>
        <metrics loc="42" ncloc="21" classes="1" methods="2" coveredmethods="0" conditionals="0" coveredconditionals="0" statements="5" coveredstatements="2" elements="7" coveredelements="2"/>
      </file>
    </package>
    <package name="Illuminate\Auth\Reminders">
      <file name="D:\Repositories\Music-XML-Analyzer/vendor/laravel/framework/src/Illuminate/Auth/Reminders/ReminderServiceProvider.php">
        <class name="ReminderServiceProvider" namespace="Illuminate\Auth\Reminders">
          <metrics methods="6" coveredmethods="1" conditionals="0" coveredconditionals="0" statements="26" coveredstatements="11" elements="32" coveredelements="12"/>
        </class>
        <line num="23" type="method" name="register" crap="1" count="12"/>
        <line num="25" type="stmt" count="12"/>
        <line num="27" type="stmt" count="12"/>
        <line num="29" type="stmt" count="12"/>
        <line num="30" type="stmt" count="12"/>
        <line num="37" type="method" name="registerPasswordBroker" crap="1.42" count="12"/>
        <line num="44" type="stmt" count="0"/>
        <line num="46" type="stmt" count="0"/>
        <line num="48" type="stmt" count="0"/>
        <line num="53" type="stmt" count="0"/>
        <line num="55" type="stmt" count="0"/>
        <line num="57" type="stmt" count="0"/>
        <line num="58" type="stmt" count="12"/>
        <line num="59" type="stmt" count="12"/>
        <line num="66" type="method" name="registerReminderRepository" crap="1.36" count="12"/>
        <line num="70" type="stmt" count="0"/>
        <line num="75" type="stmt" count="0"/>
        <line num="77" type="stmt" count="0"/>
        <line num="79" type="stmt" count="0"/>
        <line num="81" type="stmt" count="0"/>
        <line num="82" type="stmt" count="12"/>
        <line num="83" type="stmt" count="12"/>
        <line num="90" type="method" name="registerCommands" crap="1.12" count="12"/>
        <line num="94" type="stmt" count="0"/>
        <line num="95" type="stmt" count="12"/>
        <line num="99" type="stmt" count="0"/>
        <line num="100" type="stmt" count="12"/>
        <line num="102" type="method" name="anonymous function" crap="1.12" count="12"/>
        <line num="104" type="stmt" count="0"/>
        <line num="105" type="stmt" count="12"/>
        <line num="107" type="stmt" count="12"/>
        <line num="108" type="stmt" count="12"/>
        <line num="109" type="stmt" count="12"/>
        <line num="110" type="stmt" count="12"/>
        <line num="117" type="method" name="provides" crap="2" count="0"/>
        <line num="119" type="stmt" count="0"/>
        <metrics loc="122" ncloc="74" classes="1" methods="6" coveredmethods="1" conditionals="0" coveredconditionals="0" statements="30" coveredstatements="15" elements="36" coveredelements="16"/>
      </file>
    </package>
    <package name="Illuminate\Cache">
      <file name="D:\Repositories\Music-XML-Analyzer/vendor/laravel/framework/src/Illuminate/Cache/CacheServiceProvider.php">
        <class name="CacheServiceProvider" namespace="Illuminate\Cache">
          <metrics methods="4" coveredmethods="0" conditionals="0" coveredconditionals="0" statements="14" coveredstatements="7" elements="18" coveredelements="7"/>
        </class>
        <line num="19" type="method" name="register" crap="1.05" count="12"/>
        <line num="23" type="stmt" count="0"/>
        <line num="24" type="stmt" count="12"/>
        <line num="28" type="stmt" count="0"/>
        <line num="29" type="stmt" count="12"/>
        <line num="33" type="stmt" count="0"/>
        <line num="34" type="stmt" count="12"/>
        <line num="36" type="stmt" count="12"/>
        <line num="37" type="stmt" count="12"/>
        <line num="44" type="method" name="registerCommands" crap="1.12" count="12"/>
        <line num="48" type="stmt" count="0"/>
        <line num="49" type="stmt" count="12"/>
        <line num="51" type="method" name="anonymous function" crap="1.12" count="12"/>
        <line num="53" type="stmt" count="0"/>
        <line num="54" type="stmt" count="12"/>
        <line num="56" type="stmt" count="12"/>
        <line num="57" type="stmt" count="12"/>
        <line num="64" type="method" name="provides" crap="2" count="0"/>
        <line num="67" type="stmt" count="0"/>
        <line num="68" type="stmt" count="0"/>
        <metrics loc="71" ncloc="51" classes="1" methods="4" coveredmethods="0" conditionals="0" coveredconditionals="0" statements="16" coveredstatements="9" elements="20" coveredelements="9"/>
      </file>
    </package>
    <package name="Illuminate\Config">
      <file name="D:\Repositories\Music-XML-Analyzer/vendor/laravel/framework/src/Illuminate/Config/EnvironmentVariables.php">
        <class name="EnvironmentVariables" namespace="Illuminate\Config">
          <metrics methods="2" coveredmethods="1" conditionals="0" coveredconditionals="0" statements="8" coveredstatements="5" elements="10" coveredelements="6"/>
        </class>
        <line num="23" type="method" name="__construct" crap="1" count="12"/>
        <line num="25" type="stmt" count="12"/>
        <line num="26" type="stmt" count="12"/>
        <line num="33" type="method" name="load" crap="2.50" count="12"/>
        <line num="35" type="stmt" count="12"/>
        <line num="37" type="stmt" count="0"/>
        <line num="39" type="stmt" count="0"/>
        <line num="41" type="stmt" count="0"/>
        <line num="42" type="stmt" count="12"/>
        <line num="43" type="stmt" count="12"/>
        <metrics loc="45" ncloc="24" classes="1" methods="2" coveredmethods="1" conditionals="0" coveredconditionals="0" statements="8" coveredstatements="5" elements="10" coveredelements="6"/>
      </file>
      <file name="D:\Repositories\Music-XML-Analyzer/vendor/laravel/framework/src/Illuminate/Config/FileEnvironmentVariablesLoader.php">
        <class name="FileEnvironmentVariablesLoader" namespace="Illuminate\Config">
          <metrics methods="3" coveredmethods="1" conditionals="0" coveredconditionals="0" statements="11" coveredstatements="9" elements="14" coveredelements="10"/>
        </class>
        <line num="28" type="method" name="__construct" crap="2" count="12"/>
        <line num="30" type="stmt" count="12"/>
        <line num="31" type="stmt" count="12"/>
        <line num="32" type="stmt" count="12"/>
        <line num="40" type="method" name="load" crap="3.07" count="12"/>
        <line num="42" type="stmt" count="12"/>
        <line num="44" type="stmt" count="12"/>
        <line num="45" type="stmt" count="12"/>
        <line num="46" type="stmt" count="12"/>
        <line num="50" type="stmt" count="0"/>
        <line num="60" type="method" name="getFile" crap="2.15" count="12"/>
        <line num="63" type="stmt" count="12"/>
        <line num="64" type="stmt" count="12"/>
        <line num="68" type="stmt" count="0"/>
        <metrics loc="72" ncloc="43" classes="1" methods="3" coveredmethods="1" conditionals="0" coveredconditionals="0" statements="11" coveredstatements="9" elements="14" coveredelements="10"/>
      </file>
      <file name="D:\Repositories\Music-XML-Analyzer/vendor/laravel/framework/src/Illuminate/Config/FileLoader.php">
        <class name="FileLoader" namespace="Illuminate\Config">
          <metrics methods="11" coveredmethods="5" conditionals="0" coveredconditionals="0" statements="59" coveredstatements="50" elements="70" coveredelements="55"/>
        </class>
        <line num="42" type="method" name="__construct" crap="1" count="12"/>
        <line num="44" type="stmt" count="12"/>
        <line num="45" type="stmt" count="12"/>
        <line num="46" type="stmt" count="12"/>
        <line num="56" type="method" name="load" crap="4.00" count="12"/>
        <line num="58" type="stmt" count="12"/>
        <line num="63" type="stmt" count="12"/>
        <line num="65" type="stmt" count="12"/>
        <line num="66" type="stmt" count="12"/>
        <line num="67" type="stmt" count="0"/>
        <line num="73" type="stmt" count="12"/>
        <line num="75" type="stmt" count="12"/>
        <line num="76" type="stmt" count="12"/>
        <line num="77" type="stmt" count="12"/>
        <line num="78" type="stmt" count="12"/>
        <line num="83" type="stmt" count="12"/>
        <line num="85" type="stmt" count="12"/>
        <line num="86" type="stmt" count="12"/>
        <line num="87" type="stmt" count="12"/>
        <line num="88" type="stmt" count="12"/>
        <line num="90" type="stmt" count="12"/>
        <line num="100" type="method" name="mergeEnvironment" crap="1" count="12"/>
        <line num="102" type="stmt" count="12"/>
        <line num="112" type="method" name="exists" crap="3.01" count="12"/>
        <line num="114" type="stmt" count="12"/>
        <line num="119" type="stmt" count="12"/>
        <line num="120" type="stmt" count="12"/>
        <line num="121" type="stmt" count="12"/>
        <line num="124" type="stmt" count="12"/>
        <line num="129" type="stmt" count="12"/>
        <line num="130" type="stmt" count="12"/>
        <line num="131" type="stmt" count="0"/>
        <line num="134" type="stmt" count="12"/>
        <line num="139" type="stmt" count="12"/>
        <line num="141" type="stmt" count="12"/>
        <line num="153" type="method" name="cascadePackage" crap="3.17" count="12"/>
        <line num="158" type="stmt" count="12"/>
        <line num="160" type="stmt" count="12"/>
        <line num="161" type="stmt" count="12"/>
        <line num="162" type="stmt" count="12"/>
        <line num="163" type="stmt" count="12"/>
        <line num="164" type="stmt" count="12"/>
        <line num="165" type="stmt" count="12"/>
        <line num="170" type="stmt" count="12"/>
        <line num="172" type="stmt" count="12"/>
        <line num="173" type="stmt" count="12"/>
        <line num="174" type="stmt" count="0"/>
        <line num="175" type="stmt" count="0"/>
        <line num="176" type="stmt" count="0"/>
        <line num="177" type="stmt" count="0"/>
        <line num="179" type="stmt" count="12"/>
        <line num="190" type="method" name="getPackagePath" crap="1" count="12"/>
        <line num="192" type="stmt" count="12"/>
        <line num="194" type="stmt" count="12"/>
        <line num="203" type="method" name="getPath" crap="3.04" count="12"/>
        <line num="205" type="stmt" count="12"/>
        <line num="206" type="stmt" count="12"/>
        <line num="207" type="stmt" count="12"/>
        <line num="209" type="stmt" count="12"/>
        <line num="211" type="stmt" count="12"/>
        <line num="213" type="stmt" count="0"/>
        <line num="222" type="method" name="addNamespace" crap="1" count="12"/>
        <line num="224" type="stmt" count="12"/>
        <line num="225" type="stmt" count="12"/>
        <line num="233" type="method" name="getNamespaces" crap="2" count="0"/>
        <line num="235" type="stmt" count="0"/>
        <line num="244" type="method" name="getRequire" crap="1" count="12"/>
        <line num="246" type="stmt" count="12"/>
        <line num="254" type="method" name="getFilesystem" crap="2" count="0"/>
        <line num="256" type="stmt" count="0"/>
        <metrics loc="259" ncloc="115" classes="1" methods="11" coveredmethods="5" conditionals="0" coveredconditionals="0" statements="59" coveredstatements="50" elements="70" coveredelements="55"/>
      </file>
      <file name="D:\Repositories\Music-XML-Analyzer/vendor/laravel/framework/src/Illuminate/Config/Repository.php">
        <class name="Repository" namespace="Illuminate\Config">
          <metrics methods="25" coveredmethods="14" conditionals="0" coveredconditionals="0" statements="74" coveredstatements="58" elements="99" coveredelements="72"/>
        </class>
        <line num="51" type="method" name="__construct" crap="1" count="12"/>
        <line num="53" type="stmt" count="12"/>
        <line num="54" type="stmt" count="12"/>
        <line num="55" type="stmt" count="12"/>
        <line num="63" type="method" name="has" crap="2" count="0"/>
        <line num="65" type="stmt" count="0"/>
        <line num="67" type="stmt" count="0"/>
        <line num="76" type="method" name="hasGroup" crap="2" count="0"/>
        <line num="78" type="stmt" count="0"/>
        <line num="80" type="stmt" count="0"/>
        <line num="90" type="method" name="get" crap="1" count="12"/>
        <line num="92" type="stmt" count="12"/>
        <line num="97" type="stmt" count="12"/>
        <line num="99" type="stmt" count="12"/>
        <line num="101" type="stmt" count="12"/>
        <line num="111" type="method" name="set" crap="2.04" count="12"/>
        <line num="113" type="stmt" count="12"/>
        <line num="115" type="stmt" count="12"/>
        <line num="120" type="stmt" count="12"/>
        <line num="122" type="stmt" count="12"/>
        <line num="123" type="stmt" count="12"/>
        <line num="124" type="stmt" count="0"/>
        <line num="125" type="stmt" count="0"/>
        <line num="128" type="stmt" count="12"/>
        <line num="130" type="stmt" count="12"/>
        <line num="140" type="method" name="load" crap="3" count="12"/>
        <line num="142" type="stmt" count="12"/>
        <line num="147" type="stmt" count="12"/>
        <line num="148" type="stmt" count="12"/>
        <line num="149" type="stmt" count="12"/>
        <line num="152" type="stmt" count="12"/>
        <line num="157" type="stmt" count="12"/>
        <line num="158" type="stmt" count="12"/>
        <line num="159" type="stmt" count="12"/>
        <line num="160" type="stmt" count="12"/>
        <line num="162" type="stmt" count="12"/>
        <line num="163" type="stmt" count="12"/>
        <line num="173" type="method" name="callAfterLoad" crap="1" count="12"/>
        <line num="175" type="stmt" count="12"/>
        <line num="177" type="stmt" count="12"/>
        <line num="186" type="method" name="parseNamespacedSegments" crap="2.03" count="12"/>
        <line num="188" type="stmt" count="12"/>
        <line num="193" type="stmt" count="12"/>
        <line num="194" type="stmt" count="12"/>
        <line num="195" type="stmt" count="12"/>
        <line num="198" type="stmt" count="0"/>
        <line num="209" type="method" name="parsePackageSegments" crap="2.03" count="12"/>
        <line num="211" type="stmt" count="12"/>
        <line num="216" type="stmt" count="12"/>
        <line num="217" type="stmt" count="12"/>
        <line num="218" type="stmt" count="0"/>
        <line num="221" type="stmt" count="12"/>
        <line num="232" type="method" name="package" crap="1" count="12"/>
        <line num="234" type="stmt" count="12"/>
        <line num="236" type="stmt" count="12"/>
        <line num="241" type="stmt" count="12"/>
        <line num="243" type="method" name="anonymous function" crap="1" count="12"/>
        <line num="245" type="stmt" count="12"/>
        <line num="247" type="stmt" count="12"/>
        <line num="249" type="stmt" count="12"/>
        <line num="250" type="stmt" count="12"/>
        <line num="251" type="stmt" count="12"/>
        <line num="260" type="method" name="getPackageNamespace" crap="2" count="12"/>
        <line num="262" type="stmt" count="12"/>
        <line num="263" type="stmt" count="12"/>
        <line num="264" type="stmt" count="12"/>
        <line num="265" type="stmt" count="12"/>
        <line num="267" type="stmt" count="12"/>
        <line num="277" type="method" name="afterLoading" crap="1" count="12"/>
        <line num="279" type="stmt" count="12"/>
        <line num="280" type="stmt" count="12"/>
        <line num="289" type="method" name="getCollection" crap="2" count="12"/>
        <line num="291" type="stmt" count="12"/>
        <line num="293" type="stmt" count="12"/>
        <line num="303" type="method" name="addNamespace" crap="1" count="12"/>
        <line num="305" type="stmt" count="12"/>
        <line num="306" type="stmt" count="12"/>
        <line num="314" type="method" name="getNamespaces" crap="2" count="0"/>
        <line num="316" type="stmt" count="0"/>
        <line num="324" type="method" name="getLoader" crap="1" count="12"/>
        <line num="326" type="stmt" count="12"/>
        <line num="335" type="method" name="setLoader" crap="2" count="0"/>
        <line num="337" type="stmt" count="0"/>
        <line num="338" type="stmt" count="0"/>
        <line num="345" type="method" name="getEnvironment" crap="1" count="12"/>
        <line num="347" type="stmt" count="12"/>
        <line num="355" type="method" name="getAfterLoadCallbacks" crap="2" count="0"/>
        <line num="357" type="stmt" count="0"/>
        <line num="365" type="method" name="getItems" crap="2" count="0"/>
        <line num="367" type="stmt" count="0"/>
        <line num="376" type="method" name="offsetExists" crap="2" count="0"/>
        <line num="378" type="stmt" count="0"/>
        <line num="387" type="method" name="offsetGet" crap="1" count="12"/>
        <line num="389" type="stmt" count="12"/>
        <line num="399" type="method" name="offsetSet" crap="1" count="12"/>
        <line num="401" type="stmt" count="12"/>
        <line num="402" type="stmt" count="12"/>
        <line num="410" type="method" name="offsetUnset" crap="2" count="0"/>
        <line num="412" type="stmt" count="0"/>
        <line num="413" type="stmt" count="0"/>
        <metrics loc="415" ncloc="192" classes="1" methods="25" coveredmethods="14" conditionals="0" coveredconditionals="0" statements="75" coveredstatements="59" elements="100" coveredelements="73"/>
      </file>
    </package>
    <file name="D:\Repositories\Music-XML-Analyzer/vendor/laravel/framework/src/Illuminate/Config/EnvironmentVariablesLoaderInterface.php">
      <metrics loc="13" ncloc="7" classes="0" methods="0" coveredmethods="0" conditionals="0" coveredconditionals="0" statements="0" coveredstatements="0" elements="0" coveredelements="0"/>
    </file>
    <file name="D:\Repositories\Music-XML-Analyzer/vendor/laravel/framework/src/Illuminate/Config/LoaderInterface.php">
      <metrics loc="52" ncloc="15" classes="0" methods="0" coveredmethods="0" conditionals="0" coveredconditionals="0" statements="0" coveredstatements="0" elements="0" coveredelements="0"/>
    </file>
    <package name="Illuminate\Container">
      <file name="D:\Repositories\Music-XML-Analyzer/vendor/laravel/framework/src/Illuminate/Container/Container.php">
        <class name="Container" namespace="Illuminate\Container">
          <metrics methods="45" coveredmethods="15" conditionals="0" coveredconditionals="0" statements="208" coveredstatements="104" elements="253" coveredelements="119"/>
        </class>
        <line num="65" type="method" name="resolvable" crap="6" count="0"/>
        <line num="67" type="stmt" count="0"/>
        <line num="76" type="method" name="bound" crap="2" count="12"/>
        <line num="78" type="stmt" count="12"/>
        <line num="79" type="stmt" count="1"/>
        <line num="87" type="method" name="resolved" crap="2" count="12"/>
        <line num="89" type="stmt" count="12"/>
        <line num="98" type="method" name="isAlias" crap="1" count="12"/>
        <line num="99" type="stmt" count="1"/>
        <line num="100" type="stmt" count="12"/>
        <line num="111" type="method" name="bind" crap="6.07" count="12"/>
        <line num="116" type="stmt" count="12"/>
        <line num="117" type="stmt" count="12"/>
        <line num="118" type="stmt" count="12"/>
        <line num="120" type="stmt" count="12"/>
        <line num="121" type="stmt" count="0"/>
        <line num="126" type="stmt" count="12"/>
        <line num="128" type="stmt" count="12"/>
        <line num="129" type="stmt" count="12"/>
        <line num="130" type="stmt" count="0"/>
        <line num="131" type="stmt" count="0"/>
        <line num="136" type="stmt" count="12"/>
        <line num="137" type="stmt" count="12"/>
        <line num="138" type="stmt" count="0"/>
        <line num="139" type="stmt" count="0"/>
        <line num="141" type="stmt" count="12"/>
        <line num="146" type="stmt" count="12"/>
        <line num="147" type="stmt" count="12"/>
        <line num="148" type="stmt" count="0"/>
        <line num="149" type="stmt" count="0"/>
        <line num="150" type="stmt" count="12"/>
        <line num="159" type="method" name="getClosure" crap="6" count="0"/>
        <line num="163" type="stmt" count="0"/>
        <line num="165" type="stmt" count="0"/>
        <line num="166" type="stmt" count="0"/>
        <line num="177" type="method" name="bindIf" crap="6" count="0"/>
        <line num="179" type="stmt" count="0"/>
        <line num="180" type="stmt" count="0"/>
        <line num="181" type="stmt" count="0"/>
        <line num="182" type="stmt" count="0"/>
        <line num="183" type="stmt" count="0"/>
        <line num="192" type="method" name="singleton" crap="2" count="0"/>
        <line num="194" type="stmt" count="0"/>
        <line num="195" type="stmt" count="0"/>
        <line num="203" type="method" name="share" crap="2" count="12"/>
        <line num="210" type="stmt" count="12"/>
        <line num="212" type="stmt" count="12"/>
        <line num="213" type="stmt" count="12"/>
        <line num="214" type="stmt" count="12"/>
        <line num="215" type="stmt" count="12"/>
        <line num="217" type="stmt" count="12"/>
        <line num="218" type="stmt" count="12"/>
        <line num="228" type="method" name="bindShared" crap="1" count="12"/>
        <line num="230" type="stmt" count="12"/>
        <line num="231" type="stmt" count="12"/>
        <line num="242" type="method" name="extend" crap="12" count="0"/>
        <line num="244" type="stmt" count="0"/>
        <line num="245" type="stmt" count="0"/>
        <line num="246" type="stmt" count="0"/>
        <line num="249" type="stmt" count="0"/>
        <line num="250" type="stmt" count="0"/>
        <line num="251" type="stmt" count="0"/>
        <line num="253" type="stmt" count="0"/>
        <line num="254" type="stmt" count="0"/>
        <line num="257" type="stmt" count="0"/>
        <line num="259" type="stmt" count="0"/>
        <line num="261" type="stmt" count="0"/>
        <line num="270" type="method" name="getExtender" crap="2" count="0"/>
        <line num="275" type="stmt" count="0"/>
        <line num="279" type="stmt" count="0"/>
        <line num="280" type="stmt" count="0"/>
        <line num="290" type="method" name="instance" crap="3.14" count="12"/>
        <line num="295" type="stmt" count="12"/>
        <line num="296" type="stmt" count="12"/>
        <line num="297" type="stmt" count="0"/>
        <line num="299" type="stmt" count="0"/>
[...]
      <metrics loc="39" ncloc="12" classes="0" methods="0" coveredmethods="0" conditionals="0" coveredconditionals="0" statements="0" coveredstatements="0" elements="0" coveredelements="0"/>
    </file>
    <package name="Symfony\Component\Routing">
      <file name="D:\Repositories\Music-XML-Analyzer/vendor/symfony/routing/Symfony/Component/Routing/CompiledRoute.php">
        <class name="CompiledRoute" namespace="Symfony\Component\Routing">
          <metrics methods="11" coveredmethods="3" conditionals="0" coveredconditionals="0" statements="37" coveredstatements="11" elements="48" coveredelements="14"/>
        </class>
        <line num="42" type="method" name="__construct" crap="1" count="12"/>
        <line num="44" type="stmt" count="12"/>
        <line num="45" type="stmt" count="12"/>
        <line num="46" type="stmt" count="12"/>
        <line num="47" type="stmt" count="12"/>
        <line num="48" type="stmt" count="12"/>
        <line num="49" type="stmt" count="12"/>
        <line num="50" type="stmt" count="12"/>
        <line num="51" type="stmt" count="12"/>
        <line num="52" type="stmt" count="12"/>
        <line num="57" type="method" name="serialize" crap="2" count="0"/>
        <line num="59" type="stmt" count="0"/>
        <line num="60" type="stmt" count="0"/>
        <line num="61" type="stmt" count="0"/>
        <line num="62" type="stmt" count="0"/>
        <line num="63" type="stmt" count="0"/>
        <line num="64" type="stmt" count="0"/>
        <line num="65" type="stmt" count="0"/>
        <line num="66" type="stmt" count="0"/>
        <line num="67" type="stmt" count="0"/>
        <line num="68" type="stmt" count="0"/>
        <line num="74" type="method" name="unserialize" crap="2" count="0"/>
        <line num="76" type="stmt" count="0"/>
        <line num="77" type="stmt" count="0"/>
        <line num="78" type="stmt" count="0"/>
        <line num="79" type="stmt" count="0"/>
        <line num="80" type="stmt" count="0"/>
        <line num="81" type="stmt" count="0"/>
        <line num="82" type="stmt" count="0"/>
        <line num="83" type="stmt" count="0"/>
        <line num="84" type="stmt" count="0"/>
        <line num="85" type="stmt" count="0"/>
        <line num="92" type="method" name="getStaticPrefix" crap="2" count="0"/>
        <line num="94" type="stmt" count="0"/>
        <line num="102" type="method" name="getRegex" crap="1" count="12"/>
        <line num="104" type="stmt" count="12"/>
        <line num="112" type="method" name="getHostRegex" crap="1" count="12"/>
        <line num="114" type="stmt" count="12"/>
        <line num="122" type="method" name="getTokens" crap="2" count="0"/>
        <line num="124" type="stmt" count="0"/>
        <line num="132" type="method" name="getHostTokens" crap="2" count="0"/>
        <line num="134" type="stmt" count="0"/>
        <line num="142" type="method" name="getVariables" crap="2" count="0"/>
        <line num="144" type="stmt" count="0"/>
        <line num="152" type="method" name="getPathVariables" crap="2" count="0"/>
        <line num="154" type="stmt" count="0"/>
        <line num="162" type="method" name="getHostVariables" crap="2" count="0"/>
        <line num="164" type="stmt" count="0"/>
        <metrics loc="166" ncloc="95" classes="1" methods="11" coveredmethods="3" conditionals="0" coveredconditionals="0" statements="37" coveredstatements="11" elements="48" coveredelements="14"/>
      </file>
      <file name="D:\Repositories\Music-XML-Analyzer/vendor/symfony/routing/Symfony/Component/Routing/Route.php">
        <class name="Route" namespace="Symfony\Component\Routing">
          <metrics methods="34" coveredmethods="9" conditionals="0" coveredconditionals="0" statements="128" coveredstatements="43" elements="162" coveredelements="52"/>
        </class>
        <line num="87" type="method" name="__construct" crap="3.26" count="12"/>
        <line num="89" type="stmt" count="12"/>
        <line num="90" type="stmt" count="12"/>
        <line num="91" type="stmt" count="12"/>
        <line num="92" type="stmt" count="12"/>
        <line num="93" type="stmt" count="12"/>
        <line num="96" type="stmt" count="12"/>
        <line num="97" type="stmt" count="0"/>
        <line num="98" type="stmt" count="0"/>
        <line num="99" type="stmt" count="12"/>
        <line num="100" type="stmt" count="0"/>
        <line num="101" type="stmt" count="0"/>
        <line num="102" type="stmt" count="12"/>
        <line num="103" type="stmt" count="12"/>
        <line num="108" type="method" name="serialize" crap="2" count="0"/>
        <line num="110" type="stmt" count="0"/>
        <line num="111" type="stmt" count="0"/>
        <line num="112" type="stmt" count="0"/>
        <line num="113" type="stmt" count="0"/>
        <line num="114" type="stmt" count="0"/>
        <line num="115" type="stmt" count="0"/>
        <line num="116" type="stmt" count="0"/>
        <line num="117" type="stmt" count="0"/>
        <line num="118" type="stmt" count="0"/>
        <line num="119" type="stmt" count="0"/>
        <line num="120" type="stmt" count="0"/>
        <line num="126" type="method" name="unserialize" crap="12" count="0"/>
        <line num="128" type="stmt" count="0"/>
        <line num="129" type="stmt" count="0"/>
        <line num="130" type="stmt" count="0"/>
        <line num="131" type="stmt" count="0"/>
        <line num="132" type="stmt" count="0"/>
        <line num="133" type="stmt" count="0"/>
        <line num="134" type="stmt" count="0"/>
        <line num="135" type="stmt" count="0"/>
        <line num="137" type="stmt" count="0"/>
        <line num="138" type="stmt" count="0"/>
        <line num="139" type="stmt" count="0"/>
        <line num="140" type="stmt" count="0"/>
        <line num="141" type="stmt" count="0"/>
        <line num="142" type="stmt" count="0"/>
        <line num="143" type="stmt" count="0"/>
        <line num="178" type="method" name="getPath" crap="1" count="12"/>
        <line num="180" type="stmt" count="12"/>
        <line num="192" type="method" name="setPath" crap="1" count="12"/>
        <line num="196" type="stmt" count="12"/>
        <line num="197" type="stmt" count="12"/>
        <line num="199" type="stmt" count="12"/>
        <line num="207" type="method" name="getHost" crap="1" count="12"/>
        <line num="209" type="stmt" count="12"/>
        <line num="221" type="method" name="setHost" crap="1" count="12"/>
        <line num="223" type="stmt" count="12"/>
        <line num="224" type="stmt" count="12"/>
        <line num="226" type="stmt" count="12"/>
        <line num="235" type="method" name="getSchemes" crap="2" count="0"/>
        <line num="237" type="stmt" count="0"/>
        <line num="250" type="method" name="setSchemes" crap="6" count="0"/>
        <line num="252" type="stmt" count="0"/>
        <line num="255" type="stmt" count="0"/>
        <line num="256" type="stmt" count="0"/>
        <line num="257" type="stmt" count="0"/>
        <line num="258" type="stmt" count="0"/>
        <line num="261" type="stmt" count="0"/>
        <line num="263" type="stmt" count="0"/>
        <line num="273" type="method" name="hasScheme" crap="2" count="0"/>
        <line num="275" type="stmt" count="0"/>
        <line num="284" type="method" name="getMethods" crap="2" count="0"/>
        <line num="286" type="stmt" count="0"/>
        <line num="299" type="method" name="setMethods" crap="6" count="0"/>
        <line num="301" type="stmt" count="0"/>
        <line num="304" type="stmt" count="0"/>
        <line num="305" type="stmt" count="0"/>
        <line num="306" type="stmt" count="0"/>
        <line num="307" type="stmt" count="0"/>
        <line num="310" type="stmt" count="0"/>
        <line num="312" type="stmt" count="0"/>
        <line num="320" type="method" name="getOptions" crap="2" count="0"/>
        <line num="322" type="stmt" count="0"/>
        <line num="334" type="method" name="setOptions" crap="1" count="12"/>
        <line num="336" type="stmt" count="12"/>
        <line num="337" type="stmt" count="12"/>
        <line num="340" type="stmt" count="12"/>
        <line num="352" type="method" name="addOptions" crap="2.03" count="12"/>
        <line num="354" type="stmt" count="12"/>
        <line num="355" type="stmt" count="0"/>
        <line num="356" type="stmt" count="12"/>
        <line num="357" type="stmt" count="12"/>
        <line num="359" type="stmt" count="12"/>
        <line num="374" type="method" name="setOption" crap="2" count="0"/>
        <line num="376" type="stmt" count="0"/>
        <line num="377" type="stmt" count="0"/>
        <line num="379" type="stmt" count="0"/>
        <line num="389" type="method" name="getOption" crap="2" count="12"/>
        <line num="391" type="stmt" count="12"/>
        <line num="401" type="method" name="hasOption" crap="2" count="0"/>
        <line num="403" type="stmt" count="0"/>
        <line num="411" type="method" name="getDefaults" crap="2" count="0"/>
        <line num="413" type="stmt" count="0"/>
        <line num="425" type="method" name="setDefaults" crap="1" count="12"/>
        <line num="427" type="stmt" count="12"/>
        <line num="429" type="stmt" count="12"/>
        <line num="441" type="method" name="addDefaults" crap="2.03" count="12"/>
        <line num="443" type="stmt" count="12"/>
        <line num="444" type="stmt" count="0"/>
        <line num="445" type="stmt" count="12"/>
        <line num="446" type="stmt" count="12"/>
        <line num="448" type="stmt" count="12"/>
        <line num="458" type="method" name="getDefault" crap="6" count="0"/>
        <line num="460" type="stmt" count="0"/>
        <line num="470" type="method" name="hasDefault" crap="2" count="0"/>
        <line num="472" type="stmt" count="0"/>
        <line num="485" type="method" name="setDefault" crap="2" count="0"/>
        <line num="487" type="stmt" count="0"/>
        <line num="488" type="stmt" count="0"/>
        <line num="490" type="stmt" count="0"/>
        <line num="498" type="method" name="getRequirements" crap="2" count="0"/>
        <line num="500" type="stmt" count="0"/>
        <line num="512" type="method" name="setRequirements" crap="1" count="12"/>
        <line num="514" type="stmt" count="12"/>
        <line num="516" type="stmt" count="12"/>
        <line num="528" type="method" name="addRequirements" crap="2.03" count="12"/>
        <line num="530" type="stmt" count="12"/>
        <line num="531" type="stmt" count="0"/>
        <line num="532" type="stmt" count="12"/>
        <line num="533" type="stmt" count="12"/>
        <line num="535" type="stmt" count="12"/>
        <line num="545" type="method" name="getRequirement" crap="6" count="0"/>
        <line num="547" type="stmt" count="0"/>
        <line num="557" type="method" name="hasRequirement" crap="2" count="0"/>
        <line num="559" type="stmt" count="0"/>
        <line num="572" type="method" name="setRequirement" crap="2" count="0"/>
        <line num="574" type="stmt" count="0"/>
        <line num="575" type="stmt" count="0"/>
        <line num="577" type="stmt" count="0"/>
        <line num="585" type="method" name="getCondition" crap="2" count="0"/>
        <line num="587" type="stmt" count="0"/>
        <line num="599" type="method" name="setCondition" crap="1" count="12"/>
        <line num="601" type="stmt" count="12"/>
        <line num="602" type="stmt" count="12"/>
        <line num="604" type="stmt" count="12"/>
        <line num="617" type="method" name="compile" crap="2.06" count="12"/>
        <line num="619" type="stmt" count="12"/>
        <line num="620" type="stmt" count="0"/>
        <line num="623" type="stmt" count="12"/>
        <line num="625" type="stmt" count="12"/>
        <line num="628" type="method" name="sanitizeRequirement" crap="72" count="0"/>
        <line num="630" type="stmt" count="0"/>
        <line num="631" type="stmt" count="0"/>
        <line num="634" type="stmt" count="0"/>
        <line num="635" type="stmt" count="0"/>
        <line num="636" type="stmt" count="0"/>
        <line num="638" type="stmt" count="0"/>
        <line num="639" type="stmt" count="0"/>
        <line num="640" type="stmt" count="0"/>
        <line num="642" type="stmt" count="0"/>
        <line num="643" type="stmt" count="0"/>
        <line num="647" type="stmt" count="0"/>
        <line num="648" type="stmt" count="0"/>
        <line num="649" type="stmt" count="0"/>
        <line num="650" type="stmt" count="0"/>
        <line num="651" type="stmt" count="0"/>
        <line num="653" type="stmt" count="0"/>
        <metrics loc="655" ncloc="320" classes="1" methods="34" coveredmethods="9" conditionals="0" coveredconditionals="0" statements="128" coveredstatements="43" elements="162" coveredelements="52"/>
      </file>
      <file name="D:\Repositories\Music-XML-Analyzer/vendor/symfony/routing/Symfony/Component/Routing/RouteCompiler.php">
        <class name="RouteCompiler" namespace="Symfony\Component\Routing">
          <metrics methods="4" coveredmethods="0" conditionals="0" coveredconditionals="0" statements="105" coveredstatements="52" elements="109" coveredelements="52"/>
        </class>
        <line num="38" type="method" name="compile" crap="2.04" count="12"/>
        <line num="40" type="stmt" count="12"/>
        <line num="41" type="stmt" count="12"/>
        <line num="42" type="stmt" count="12"/>
        <line num="43" type="stmt" count="12"/>
        <line num="45" type="stmt" count="12"/>
        <line num="46" type="stmt" count="0"/>
        <line num="48" type="stmt" count="0"/>
        <line num="49" type="stmt" count="0"/>
        <line num="51" type="stmt" count="0"/>
        <line num="52" type="stmt" count="0"/>
        <line num="53" type="stmt" count="0"/>
        <line num="55" type="stmt" count="12"/>
        <line num="57" type="stmt" count="12"/>
        <line num="59" type="stmt" count="12"/>
        <line num="61" type="stmt" count="12"/>
        <line num="62" type="stmt" count="12"/>
        <line num="64" type="stmt" count="12"/>
        <line num="65" type="stmt" count="12"/>
        <line num="67" type="stmt" count="12"/>
        <line num="68" type="stmt" count="12"/>
        <line num="69" type="stmt" count="12"/>
        <line num="70" type="stmt" count="12"/>
        <line num="71" type="stmt" count="12"/>
        <line num="72" type="stmt" count="12"/>
        <line num="73" type="stmt" count="12"/>
        <line num="74" type="stmt" count="12"/>
        <line num="75" type="stmt" count="12"/>
        <line num="76" type="stmt" count="12"/>
        <line num="79" type="method" name="compilePattern" crap="124.72" count="12"/>
        <line num="81" type="stmt" count="12"/>
        <line num="82" type="stmt" count="12"/>
        <line num="83" type="stmt" count="12"/>
        <line num="84" type="stmt" count="12"/>
        <line num="85" type="stmt" count="12"/>
        <line num="89" type="stmt" count="12"/>
        <line num="90" type="stmt" count="12"/>
        <line num="91" type="stmt" count="0"/>
        <line num="93" type="stmt" count="0"/>
        <line num="94" type="stmt" count="0"/>
        <line num="95" type="stmt" count="0"/>
        <line num="96" type="stmt" count="0"/>
        <line num="98" type="stmt" count="0"/>
        <line num="99" type="stmt" count="0"/>
        <line num="101" type="stmt" count="0"/>
        <line num="102" type="stmt" count="0"/>
        <line num="105" type="stmt" count="0"/>
        <line num="106" type="stmt" count="0"/>
        <line num="107" type="stmt" count="0"/>
        <line num="108" type="stmt" count="0"/>
        <line num="109" type="stmt" count="0"/>
        <line num="111" type="stmt" count="0"/>
        <line num="112" type="stmt" count="0"/>
        <line num="113" type="stmt" count="0"/>
        <line num="121" type="stmt" count="0"/>
        <line num="122" type="stmt" count="0"/>
        <line num="123" type="stmt" count="0"/>
        <line num="124" type="stmt" count="0"/>
        <line num="125" type="stmt" count="0"/>
        <line num="126" type="stmt" count="0"/>
        <line num="127" type="stmt" count="0"/>
        <line num="133" type="stmt" count="0"/>
        <line num="134" type="stmt" count="0"/>
        <line num="135" type="stmt" count="0"/>
        <line num="137" type="stmt" count="0"/>
        <line num="138" type="stmt" count="0"/>
        <line num="139" type="stmt" count="12"/>
        <line num="141" type="stmt" count="12"/>
        <line num="142" type="stmt" count="12"/>
        <line num="143" type="stmt" count="12"/>
        <line num="146" type="stmt" count="12"/>
        <line num="147" type="stmt" count="12"/>
        <line num="148" type="stmt" count="12"/>
        <line num="149" type="stmt" count="12"/>
        <line num="150" type="stmt" count="12"/>
        <line num="151" type="stmt" count="0"/>
        <line num="152" type="stmt" count="0"/>
        <line num="153" type="stmt" count="12"/>
        <line num="155" type="stmt" count="0"/>
        <line num="156" type="stmt" count="12"/>
        <line num="159" type="stmt" count="12"/>
        <line num="160" type="stmt" count="12"/>
        <line num="161" type="stmt" count="12"/>
        <line num="162" type="stmt" count="12"/>
        <line num="165" type="stmt" count="12"/>
        <line num="166" type="stmt" count="12"/>
        <line num="167" type="stmt" count="12"/>
        <line num="168" type="stmt" count="12"/>
        <line num="169" type="stmt" count="12"/>
        <line num="179" type="method" name="findNextSeparator" crap="20" count="0"/>
        <line num="181" type="stmt" count="0"/>
        <line num="183" type="stmt" count="0"/>
        <line num="186" type="stmt" count="0"/>
        <line num="188" type="stmt" count="0"/>
        <line num="200" type="method" name="computeRegexp" crap="30.77" count="12"/>
        <line num="202" type="stmt" count="12"/>
        <line num="203" type="stmt" count="12"/>
        <line num="205" type="stmt" count="12"/>
        <line num="208" type="stmt" count="0"/>
        <line num="210" type="stmt" count="0"/>
        <line num="212" type="stmt" count="0"/>
        <line num="213" type="stmt" count="0"/>
        <line num="217" type="stmt" count="0"/>
        <line num="218" type="stmt" count="0"/>
        <line num="219" type="stmt" count="0"/>
        <line num="221" type="stmt" count="0"/>
        <line num="222" type="stmt" count="0"/>
        <line num="223" type="stmt" count="0"/>
        <line num="225" type="stmt" count="0"/>
        <metrics loc="229" ncloc="135" classes="1" methods="4" coveredmethods="0" conditionals="0" coveredconditionals="0" statements="105" coveredstatements="52" elements="109" coveredelements="52"/>
      </file>
    </package>
    <file name="D:\Repositories\Music-XML-Analyzer/vendor/symfony/routing/Symfony/Component/Routing/RouteCompilerInterface.php">
      <metrics loc="32" ncloc="9" classes="0" methods="0" coveredmethods="0" conditionals="0" coveredconditionals="0" statements="0" coveredstatements="0" elements="0" coveredelements="0"/>
    </file>
    <file name="D:\Repositories\Music-XML-Analyzer/vendor/symfony/var-dumper/Resources/functions/dump.php">
      <line num="20" type="stmt" count="0"/>
      <line num="21" type="stmt" count="0"/>
      <line num="22" type="stmt" count="0"/>
      <line num="23" type="stmt" count="0"/>
      <metrics loc="24" ncloc="13" classes="0" methods="0" coveredmethods="0" conditionals="0" coveredconditionals="0" statements="4" coveredstatements="0" elements="4" coveredelements="0"/>
    </file>
    <metrics files="211" loc="48508" ncloc="25334" classes="160" methods="2382" coveredmethods="522" conditionals="0" coveredconditionals="0" statements="9994" coveredstatements="3326" elements="12376" coveredelements="3848"/>
  </project>
</coverage>
